# JRE version: OpenJDK Runtime Environment Temurin-17.0.7+7 (17.0.7+7) (build 17.0.7+7)
# Java VM: OpenJDK 64-Bit Server VM Temurin-17.0.7+7 (17.0.7+7, mixed mode, tiered, compressed oops, compressed class ptrs, parallel gc, windows-amd64)
GC Precious Log:
 CPUs: 8 total, 8 available
 Memory: 7973M
 Large Page Support: Disabled
 NUMA Support: Disabled
 Compressed Oops: Enabled (32-bit)
 Alignments: Space 512K, Generation 512K, Heap 2M
 Heap Min Capacity: 100M
 Heap Initial Capacity: 100M
 Heap Max Capacity: 1G
 Pre-touch: Disabled
 Parallel Workers: 8
Heap:
 PSYoungGen      total 20480K, used 14932K [0x00000000eab00000, 0x00000000ecf00000, 0x0000000100000000)
  eden space 11776K, 52% used [0x00000000eab00000,0x00000000eb118518,0x00000000eb680000)
  from space 8704K, 99% used [0x00000000ec180000,0x00000000ec9fd6b8,0x00000000eca00000)
  to   space 11264K, 0% used [0x00000000eb680000,0x00000000eb680000,0x00000000ec180000)
 ParOldGen       total 381952K, used 342629K [0x00000000c0000000, 0x00000000d7500000, 0x00000000eab00000)
  object space 381952K, 89% used [0x00000000c0000000,0x00000000d4e99780,0x00000000d7500000)
 Metaspace       used 72412K, committed 73536K, reserved 1179648K
  class space    used 7708K, committed 8192K, reserved 1048576K
GC Heap History (20 events):
Event: 36.945 GC heap before
{Heap before GC invocations=436 (full 15):
 PSYoungGen      total 24064K, used 24041K [0x00000000eab00000, 0x00000000ecf00000, 0x0000000100000000)
  eden space 16384K, 100% used [0x00000000eab00000,0x00000000ebb00000,0x00000000ebb00000)
  from space 7680K, 99% used [0x00000000ebc00000,0x00000000ec37a6c0,0x00000000ec380000)
  to   space 10240K, 0% used [0x00000000ec500000,0x00000000ec500000,0x00000000ecf00000)
 ParOldGen       total 326656K, used 321154K [0x00000000c0000000, 0x00000000d3f00000, 0x00000000eab00000)
  object space 326656K, 98% used [0x00000000c0000000,0x00000000d39a0b90,0x00000000d3f00000)
 Metaspace       used 72402K, committed 73472K, reserved 1114112K
  class space    used 7708K, committed 8192K, reserved 1048576K
}
Event: 36.951 GC heap after
{Heap after GC invocations=436 (full 15):
 PSYoungGen      total 24576K, used 6339K [0x00000000eab00000, 0x00000000ecb80000, 0x0000000100000000)
  eden space 17920K, 0% used [0x00000000eab00000,0x00000000eab00000,0x00000000ebc80000)
  from space 6656K, 95% used [0x00000000ec500000,0x00000000ecb30ca0,0x00000000ecb80000)
  to   space 7680K, 0% used [0x00000000ebc80000,0x00000000ebc80000,0x00000000ec400000)
 ParOldGen       total 326656K, used 325962K [0x00000000c0000000, 0x00000000d3f00000, 0x00000000eab00000)
  object space 326656K, 99% used [0x00000000c0000000,0x00000000d3e52b60,0x00000000d3f00000)
 Metaspace       used 72402K, committed 73472K, reserved 1114112K
  class space    used 7708K, committed 8192K, reserved 1048576K
}
Event: 36.951 GC heap before
{Heap before GC invocations=437 (full 16):
 PSYoungGen      total 24576K, used 6339K [0x00000000eab00000, 0x00000000ecb80000, 0x0000000100000000)
  eden space 17920K, 0% used [0x00000000eab00000,0x00000000eab00000,0x00000000ebc80000)
  from space 6656K, 95% used [0x00000000ec500000,0x00000000ecb30ca0,0x00000000ecb80000)
  to   space 7680K, 0% used [0x00000000ebc80000,0x00000000ebc80000,0x00000000ec400000)
 ParOldGen       total 326656K, used 325962K [0x00000000c0000000, 0x00000000d3f00000, 0x00000000eab00000)
  object space 326656K, 99% used [0x00000000c0000000,0x00000000d3e52b60,0x00000000d3f00000)
 Metaspace       used 72402K, committed 73472K, reserved 1114112K
  class space    used 7708K, committed 8192K, reserved 1048576K
}
Event: 37.103 GC heap after
{Heap after GC invocations=437 (full 16):
 PSYoungGen      total 24576K, used 1557K [0x00000000eab00000, 0x00000000ecb80000, 0x0000000100000000)
  eden space 17920K, 0% used [0x00000000eab00000,0x00000000eab00000,0x00000000ebc80000)
  from space 6656K, 23% used [0x00000000ec500000,0x00000000ec685578,0x00000000ecb80000)
  to   space 7680K, 0% used [0x00000000ebc80000,0x00000000ebc80000,0x00000000ec400000)
 ParOldGen       total 381952K, used 326206K [0x00000000c0000000, 0x00000000d7500000, 0x00000000eab00000)
  object space 381952K, 85% used [0x00000000c0000000,0x00000000d3e8fbd8,0x00000000d7500000)
 Metaspace       used 72402K, committed 73472K, reserved 1114112K
  class space    used 7708K, committed 8192K, reserved 1048576K
}
Event: 37.163 GC heap before
{Heap before GC invocations=438 (full 16):
 PSYoungGen      total 24576K, used 19477K [0x00000000eab00000, 0x00000000ecb80000, 0x0000000100000000)
  eden space 17920K, 100% used [0x00000000eab00000,0x00000000ebc80000,0x00000000ebc80000)
  from space 6656K, 23% used [0x00000000ec500000,0x00000000ec685578,0x00000000ecb80000)
  to   space 7680K, 0% used [0x00000000ebc80000,0x00000000ebc80000,0x00000000ec400000)
 ParOldGen       total 381952K, used 326206K [0x00000000c0000000, 0x00000000d7500000, 0x00000000eab00000)
  object space 381952K, 85% used [0x00000000c0000000,0x00000000d3e8fbd8,0x00000000d7500000)
 Metaspace       used 72402K, committed 73472K, reserved 1114112K
  class space    used 7708K, committed 8192K, reserved 1048576K
}
Event: 37.175 GC heap after
{Heap after GC invocations=438 (full 16):
 PSYoungGen      total 23552K, used 5439K [0x00000000eab00000, 0x00000000ec880000, 0x0000000100000000)
  eden space 17920K, 0% used [0x00000000eab00000,0x00000000eab00000,0x00000000ebc80000)
  from space 5632K, 96% used [0x00000000ebc80000,0x00000000ec1cfd20,0x00000000ec200000)
  to   space 6144K, 0% used [0x00000000ec280000,0x00000000ec280000,0x00000000ec880000)
 ParOldGen       total 381952K, used 326206K [0x00000000c0000000, 0x00000000d7500000, 0x00000000eab00000)
  object space 381952K, 85% used [0x00000000c0000000,0x00000000d3e8fbd8,0x00000000d7500000)
 Metaspace       used 72402K, committed 73472K, reserved 1114112K
  class space    used 7708K, committed 8192K, reserved 1048576K
}
Event: 37.227 GC heap before
{Heap before GC invocations=439 (full 16):
 PSYoungGen      total 23552K, used 23334K [0x00000000eab00000, 0x00000000ec880000, 0x0000000100000000)
  eden space 17920K, 99% used [0x00000000eab00000,0x00000000ebc79e88,0x00000000ebc80000)
  from space 5632K, 96% used [0x00000000ebc80000,0x00000000ec1cfd20,0x00000000ec200000)
  to   space 6144K, 0% used [0x00000000ec280000,0x00000000ec280000,0x00000000ec880000)
 ParOldGen       total 381952K, used 326206K [0x00000000c0000000, 0x00000000d7500000, 0x00000000eab00000)
  object space 381952K, 85% used [0x00000000c0000000,0x00000000d3e8fbd8,0x00000000d7500000)
 Metaspace       used 72402K, committed 73472K, reserved 1114112K
  class space    used 7708K, committed 8192K, reserved 1048576K
}
Event: 37.231 GC heap after
{Heap after GC invocations=439 (full 16):
 PSYoungGen      total 20480K, used 6132K [0x00000000eab00000, 0x00000000ecf80000, 0x0000000100000000)
  eden space 14336K, 0% used [0x00000000eab00000,0x00000000eab00000,0x00000000eb900000)
  from space 6144K, 99% used [0x00000000ec280000,0x00000000ec87d0d8,0x00000000ec880000)
  to   space 9728K, 0% used [0x00000000eb900000,0x00000000eb900000,0x00000000ec280000)
 ParOldGen       total 381952K, used 328979K [0x00000000c0000000, 0x00000000d7500000, 0x00000000eab00000)
  object space 381952K, 86% used [0x00000000c0000000,0x00000000d4144dc8,0x00000000d7500000)
 Metaspace       used 72402K, committed 73472K, reserved 1114112K
  class space    used 7708K, committed 8192K, reserved 1048576K
}
Event: 37.274 GC heap before
{Heap before GC invocations=440 (full 16):
 PSYoungGen      total 20480K, used 20468K [0x00000000eab00000, 0x00000000ecf80000, 0x0000000100000000)
  eden space 14336K, 100% used [0x00000000eab00000,0x00000000eb900000,0x00000000eb900000)
  from space 6144K, 99% used [0x00000000ec280000,0x00000000ec87d0d8,0x00000000ec880000)
  to   space 9728K, 0% used [0x00000000eb900000,0x00000000eb900000,0x00000000ec280000)
 ParOldGen       total 381952K, used 328979K [0x00000000c0000000, 0x00000000d7500000, 0x00000000eab00000)
  object space 381952K, 86% used [0x00000000c0000000,0x00000000d4144dc8,0x00000000d7500000)
 Metaspace       used 72402K, committed 73472K, reserved 1114112K
  class space    used 7708K, committed 8192K, reserved 1048576K
}
Event: 37.280 GC heap after
{Heap after GC invocations=440 (full 16):
 PSYoungGen      total 24064K, used 8451K [0x00000000eab00000, 0x00000000ecb80000, 0x0000000100000000)
  eden space 14336K, 0% used [0x00000000eab00000,0x00000000eab00000,0x00000000eb900000)
  from space 9728K, 86% used [0x00000000eb900000,0x00000000ec140e20,0x00000000ec280000)
  to   space 8704K, 0% used [0x00000000ec300000,0x00000000ec300000,0x00000000ecb80000)
 ParOldGen       total 381952K, used 329677K [0x00000000c0000000, 0x00000000d7500000, 0x00000000eab00000)
  object space 381952K, 86% used [0x00000000c0000000,0x00000000d41f3590,0x00000000d7500000)
 Metaspace       used 72402K, committed 73472K, reserved 1114112K
  class space    used 7708K, committed 8192K, reserved 1048576K
}
Event: 37.317 GC heap before
{Heap before GC invocations=441 (full 16):
 PSYoungGen      total 24064K, used 22787K [0x00000000eab00000, 0x00000000ecb80000, 0x0000000100000000)
  eden space 14336K, 100% used [0x00000000eab00000,0x00000000eb900000,0x00000000eb900000)
  from space 9728K, 86% used [0x00000000eb900000,0x00000000ec140e20,0x00000000ec280000)
  to   space 8704K, 0% used [0x00000000ec300000,0x00000000ec300000,0x00000000ecb80000)
 ParOldGen       total 381952K, used 329677K [0x00000000c0000000, 0x00000000d7500000, 0x00000000eab00000)
  object space 381952K, 86% used [0x00000000c0000000,0x00000000d41f3590,0x00000000d7500000)
 Metaspace       used 72412K, committed 73536K, reserved 1179648K
  class space    used 7708K, committed 8192K, reserved 1048576K
}
Event: 37.322 GC heap after
{Heap after GC invocations=441 (full 16):
 PSYoungGen      total 21504K, used 8674K [0x00000000eab00000, 0x00000000ed180000, 0x0000000100000000)
  eden space 12800K, 0% used [0x00000000eab00000,0x00000000eab00000,0x00000000eb780000)
  from space 8704K, 99% used [0x00000000ec300000,0x00000000ecb78948,0x00000000ecb80000)
  to   space 11776K, 0% used [0x00000000eb780000,0x00000000eb780000,0x00000000ec300000)
 ParOldGen       total 381952K, used 331875K [0x00000000c0000000, 0x00000000d7500000, 0x00000000eab00000)
  object space 381952K, 86% used [0x00000000c0000000,0x00000000d4418d90,0x00000000d7500000)
 Metaspace       used 72412K, committed 73536K, reserved 1179648K
  class space    used 7708K, committed 8192K, reserved 1048576K
}
Event: 37.437 GC heap before
{Heap before GC invocations=442 (full 16):
 PSYoungGen      total 21504K, used 21474K [0x00000000eab00000, 0x00000000ed180000, 0x0000000100000000)
  eden space 12800K, 100% used [0x00000000eab00000,0x00000000eb780000,0x00000000eb780000)
  from space 8704K, 99% used [0x00000000ec300000,0x00000000ecb78948,0x00000000ecb80000)
  to   space 11776K, 0% used [0x00000000eb780000,0x00000000eb780000,0x00000000ec300000)
 ParOldGen       total 381952K, used 331875K [0x00000000c0000000, 0x00000000d7500000, 0x00000000eab00000)
  object space 381952K, 86% used [0x00000000c0000000,0x00000000d4418d90,0x00000000d7500000)
 Metaspace       used 72412K, committed 73536K, reserved 1179648K
  class space    used 7708K, committed 8192K, reserved 1048576K
}
Event: 37.445 GC heap after
{Heap after GC invocations=442 (full 16):
 PSYoungGen      total 19968K, used 6673K [0x00000000eab00000, 0x00000000eca00000, 0x0000000100000000)
  eden space 12800K, 0% used [0x00000000eab00000,0x00000000eab00000,0x00000000eb780000)
  from space 7168K, 93% used [0x00000000eb780000,0x00000000ebe04640,0x00000000ebe80000)
  to   space 8704K, 0% used [0x00000000ec180000,0x00000000ec180000,0x00000000eca00000)
 ParOldGen       total 381952K, used 336732K [0x00000000c0000000, 0x00000000d7500000, 0x00000000eab00000)
  object space 381952K, 88% used [0x00000000c0000000,0x00000000d48d7100,0x00000000d7500000)
 Metaspace       used 72412K, committed 73536K, reserved 1179648K
  class space    used 7708K, committed 8192K, reserved 1048576K
}
Event: 37.504 GC heap before
{Heap before GC invocations=443 (full 16):
 PSYoungGen      total 19968K, used 19473K [0x00000000eab00000, 0x00000000eca00000, 0x0000000100000000)
  eden space 12800K, 100% used [0x00000000eab00000,0x00000000eb780000,0x00000000eb780000)
  from space 7168K, 93% used [0x00000000eb780000,0x00000000ebe04640,0x00000000ebe80000)
  to   space 8704K, 0% used [0x00000000ec180000,0x00000000ec180000,0x00000000eca00000)
 ParOldGen       total 381952K, used 336732K [0x00000000c0000000, 0x00000000d7500000, 0x00000000eab00000)
  object space 381952K, 88% used [0x00000000c0000000,0x00000000d48d7100,0x00000000d7500000)
 Metaspace       used 72412K, committed 73536K, reserved 1179648K
  class space    used 7708K, committed 8192K, reserved 1048576K
}
Event: 37.508 GC heap after
{Heap after GC invocations=443 (full 16):
 PSYoungGen      total 21504K, used 8692K [0x00000000eab00000, 0x00000000ecb80000, 0x0000000100000000)
  eden space 12800K, 0% used [0x00000000eab00000,0x00000000eab00000,0x00000000eb780000)
  from space 8704K, 99% used [0x00000000ec180000,0x00000000ec9fd060,0x00000000eca00000)
  to   space 10240K, 0% used [0x00000000eb780000,0x00000000eb780000,0x00000000ec180000)
 ParOldGen       total 381952K, used 337309K [0x00000000c0000000, 0x00000000d7500000, 0x00000000eab00000)
  object space 381952K, 88% used [0x00000000c0000000,0x00000000d4967708,0x00000000d7500000)
 Metaspace       used 72412K, committed 73536K, reserved 1179648K
  class space    used 7708K, committed 8192K, reserved 1048576K
}
Event: 37.565 GC heap before
{Heap before GC invocations=444 (full 16):
 PSYoungGen      total 21504K, used 21492K [0x00000000eab00000, 0x00000000ecb80000, 0x0000000100000000)
  eden space 12800K, 100% used [0x00000000eab00000,0x00000000eb780000,0x00000000eb780000)
  from space 8704K, 99% used [0x00000000ec180000,0x00000000ec9fd060,0x00000000eca00000)
  to   space 10240K, 0% used [0x00000000eb780000,0x00000000eb780000,0x00000000ec180000)
 ParOldGen       total 381952K, used 337309K [0x00000000c0000000, 0x00000000d7500000, 0x00000000eab00000)
  object space 381952K, 88% used [0x00000000c0000000,0x00000000d4967708,0x00000000d7500000)
 Metaspace       used 72412K, committed 73536K, reserved 1179648K
  class space    used 7708K, committed 8192K, reserved 1048576K
}
Event: 37.573 GC heap after
{Heap after GC invocations=444 (full 16):
 PSYoungGen      total 23040K, used 7692K [0x00000000eab00000, 0x00000000eca00000, 0x0000000100000000)
  eden space 12800K, 0% used [0x00000000eab00000,0x00000000eab00000,0x00000000eb780000)
  from space 10240K, 75% used [0x00000000eb780000,0x00000000ebf03258,0x00000000ec180000)
  to   space 8704K, 0% used [0x00000000ec180000,0x00000000ec180000,0x00000000eca00000)
 ParOldGen       total 381952K, used 341002K [0x00000000c0000000, 0x00000000d7500000, 0x00000000eab00000)
  object space 381952K, 89% used [0x00000000c0000000,0x00000000d4d02bf8,0x00000000d7500000)
 Metaspace       used 72412K, committed 73536K, reserved 1179648K
  class space    used 7708K, committed 8192K, reserved 1048576K
}
Event: 37.634 GC heap before
{Heap before GC invocations=445 (full 16):
 PSYoungGen      total 23040K, used 20492K [0x00000000eab00000, 0x00000000eca00000, 0x0000000100000000)
  eden space 12800K, 100% used [0x00000000eab00000,0x00000000eb780000,0x00000000eb780000)
  from space 10240K, 75% used [0x00000000eb780000,0x00000000ebf03258,0x00000000ec180000)
  to   space 8704K, 0% used [0x00000000ec180000,0x00000000ec180000,0x00000000eca00000)
 ParOldGen       total 381952K, used 341002K [0x00000000c0000000, 0x00000000d7500000, 0x00000000eab00000)
  object space 381952K, 89% used [0x00000000c0000000,0x00000000d4d02bf8,0x00000000d7500000)
 Metaspace       used 72412K, committed 73536K, reserved 1179648K
  class space    used 7708K, committed 8192K, reserved 1048576K
}
Event: 37.639 GC heap after
{Heap after GC invocations=445 (full 16):
 PSYoungGen      total 20480K, used 8693K [0x00000000eab00000, 0x00000000ecf00000, 0x0000000100000000)
  eden space 11776K, 0% used [0x00000000eab00000,0x00000000eab00000,0x00000000eb680000)
  from space 8704K, 99% used [0x00000000ec180000,0x00000000ec9fd6b8,0x00000000eca00000)
  to   space 11264K, 0% used [0x00000000eb680000,0x00000000eb680000,0x00000000ec180000)
 ParOldGen       total 381952K, used 342629K [0x00000000c0000000, 0x00000000d7500000, 0x00000000eab00000)
  object space 381952K, 89% used [0x00000000c0000000,0x00000000d4e99780,0x00000000d7500000)
 Metaspace       used 72412K, committed 73536K, reserved 1179648K
  class space    used 7708K, committed 8192K, reserved 1048576K
}

