# JRE version: OpenJDK Runtime Environment Temurin-17.0.7+7 (17.0.7+7) (build 17.0.7+7)
# Java VM: OpenJDK 64-Bit Server VM Temurin-17.0.7+7 (17.0.7+7, mixed mode, tiered, compressed oops, compressed class ptrs, parallel gc, windows-amd64)
GC Precious Log:
 CPUs: 8 total, 8 available
 Memory: 7973M
 Large Page Support: Disabled
 NUMA Support: Disabled
 Compressed Oops: Enabled (32-bit)
 Alignments: Space 512K, Generation 512K, Heap 2M
 Heap Min Capacity: 100M
 Heap Initial Capacity: 100M
 Heap Max Capacity: 1G
 Pre-touch: Disabled
 Parallel Workers: 8
Heap:
 PSYoungGen      total 16384K, used 10138K [0x00000000eab00000, 0x00000000ec080000, 0x0000000100000000)
  eden space 13824K, 54% used [0x00000000eab00000,0x00000000eb266e30,0x00000000eb880000)
  from space 2560K, 99% used [0x00000000eb980000,0x00000000ebbffb08,0x00000000ebc00000)
  to   space 4096K, 0% used [0x00000000ebc80000,0x00000000ebc80000,0x00000000ec080000)
 ParOldGen       total 366080K, used 294947K [0x00000000c0000000, 0x00000000d6580000, 0x00000000eab00000)
  object space 366080K, 80% used [0x00000000c0000000,0x00000000d2008e30,0x00000000d6580000)
 Metaspace       used 80064K, committed 81344K, reserved 1179648K
  class space    used 8442K, committed 9024K, reserved 1048576K
GC Heap History (20 events):
Event: 52.293 GC heap before
{Heap before GC invocations=1462 (full 34):
 PSYoungGen      total 15360K, used 15135K [0x00000000eab00000, 0x00000000ecd80000, 0x0000000100000000)
  eden space 11264K, 100% used [0x00000000eab00000,0x00000000eb600000,0x00000000eb600000)
  from space 4096K, 94% used [0x00000000eb600000,0x00000000eb9c7d00,0x00000000eba00000)
  to   space 11264K, 0% used [0x00000000ec280000,0x00000000ec280000,0x00000000ecd80000)
 ParOldGen       total 366080K, used 282392K [0x00000000c0000000, 0x00000000d6580000, 0x00000000eab00000)
  object space 366080K, 77% used [0x00000000c0000000,0x00000000d13c62c0,0x00000000d6580000)
 Metaspace       used 73071K, committed 74240K, reserved 1179648K
  class space    used 7682K, committed 8192K, reserved 1048576K
}
Event: 52.297 GC heap after
{Heap after GC invocations=1462 (full 34):
 PSYoungGen      total 19456K, used 7415K [0x00000000eab00000, 0x00000000eca00000, 0x0000000100000000)
  eden space 11776K, 0% used [0x00000000eab00000,0x00000000eab00000,0x00000000eb680000)
  from space 7680K, 96% used [0x00000000ec280000,0x00000000ec9bdf18,0x00000000eca00000)
  to   space 8704K, 0% used [0x00000000eb900000,0x00000000eb900000,0x00000000ec180000)
 ParOldGen       total 366080K, used 282392K [0x00000000c0000000, 0x00000000d6580000, 0x00000000eab00000)
  object space 366080K, 77% used [0x00000000c0000000,0x00000000d13c62c0,0x00000000d6580000)
 Metaspace       used 73071K, committed 74240K, reserved 1179648K
  class space    used 7682K, committed 8192K, reserved 1048576K
}
Event: 52.384 GC heap before
{Heap before GC invocations=1463 (full 34):
 PSYoungGen      total 19456K, used 19191K [0x00000000eab00000, 0x00000000eca00000, 0x0000000100000000)
  eden space 11776K, 100% used [0x00000000eab00000,0x00000000eb680000,0x00000000eb680000)
  from space 7680K, 96% used [0x00000000ec280000,0x00000000ec9bdf18,0x00000000eca00000)
  to   space 8704K, 0% used [0x00000000eb900000,0x00000000eb900000,0x00000000ec180000)
 ParOldGen       total 366080K, used 282392K [0x00000000c0000000, 0x00000000d6580000, 0x00000000eab00000)
  object space 366080K, 77% used [0x00000000c0000000,0x00000000d13c62c0,0x00000000d6580000)
 Metaspace       used 73072K, committed 74240K, reserved 1179648K
  class space    used 7682K, committed 8192K, reserved 1048576K
}
Event: 52.388 GC heap after
{Heap after GC invocations=1463 (full 34):
 PSYoungGen      total 20992K, used 8696K [0x00000000eab00000, 0x00000000ece00000, 0x0000000100000000)
  eden space 12288K, 0% used [0x00000000eab00000,0x00000000eab00000,0x00000000eb700000)
  from space 8704K, 99% used [0x00000000eb900000,0x00000000ec17e148,0x00000000ec180000)
  to   space 11776K, 0% used [0x00000000ec280000,0x00000000ec280000,0x00000000ece00000)
 ParOldGen       total 366080K, used 284447K [0x00000000c0000000, 0x00000000d6580000, 0x00000000eab00000)
  object space 366080K, 77% used [0x00000000c0000000,0x00000000d15c7e70,0x00000000d6580000)
 Metaspace       used 73072K, committed 74240K, reserved 1179648K
  class space    used 7682K, committed 8192K, reserved 1048576K
}
Event: 52.460 GC heap before
{Heap before GC invocations=1464 (full 34):
 PSYoungGen      total 20992K, used 20984K [0x00000000eab00000, 0x00000000ece00000, 0x0000000100000000)
  eden space 12288K, 100% used [0x00000000eab00000,0x00000000eb700000,0x00000000eb700000)
  from space 8704K, 99% used [0x00000000eb900000,0x00000000ec17e148,0x00000000ec180000)
  to   space 11776K, 0% used [0x00000000ec280000,0x00000000ec280000,0x00000000ece00000)
 ParOldGen       total 366080K, used 284447K [0x00000000c0000000, 0x00000000d6580000, 0x00000000eab00000)
  object space 366080K, 77% used [0x00000000c0000000,0x00000000d15c7e70,0x00000000d6580000)
 Metaspace       used 73293K, committed 74496K, reserved 1179648K
  class space    used 7704K, committed 8256K, reserved 1048576K
}
Event: 52.464 GC heap after
{Heap after GC invocations=1464 (full 34):
 PSYoungGen      total 16896K, used 3863K [0x00000000eab00000, 0x00000000ec680000, 0x0000000100000000)
  eden space 12800K, 0% used [0x00000000eab00000,0x00000000eab00000,0x00000000eb780000)
  from space 4096K, 94% used [0x00000000ec280000,0x00000000ec645cf8,0x00000000ec680000)
  to   space 6656K, 0% used [0x00000000eb980000,0x00000000eb980000,0x00000000ec000000)
 ParOldGen       total 366080K, used 290140K [0x00000000c0000000, 0x00000000d6580000, 0x00000000eab00000)
  object space 366080K, 79% used [0x00000000c0000000,0x00000000d1b57288,0x00000000d6580000)
 Metaspace       used 73293K, committed 74496K, reserved 1179648K
  class space    used 7704K, committed 8256K, reserved 1048576K
}
Event: 52.786 GC heap before
{Heap before GC invocations=1465 (full 34):
 PSYoungGen      total 16896K, used 16663K [0x00000000eab00000, 0x00000000ec680000, 0x0000000100000000)
  eden space 12800K, 100% used [0x00000000eab00000,0x00000000eb780000,0x00000000eb780000)
  from space 4096K, 94% used [0x00000000ec280000,0x00000000ec645cf8,0x00000000ec680000)
  to   space 6656K, 0% used [0x00000000eb980000,0x00000000eb980000,0x00000000ec000000)
 ParOldGen       total 366080K, used 290140K [0x00000000c0000000, 0x00000000d6580000, 0x00000000eab00000)
  object space 366080K, 79% used [0x00000000c0000000,0x00000000d1b57288,0x00000000d6580000)
 Metaspace       used 74280K, committed 75520K, reserved 1179648K
  class space    used 7834K, committed 8384K, reserved 1048576K
}
Event: 52.790 GC heap after
{Heap after GC invocations=1465 (full 34):
 PSYoungGen      total 17920K, used 4396K [0x00000000eab00000, 0x00000000ec300000, 0x0000000100000000)
  eden space 13312K, 0% used [0x00000000eab00000,0x00000000eab00000,0x00000000eb800000)
  from space 4608K, 95% used [0x00000000eb980000,0x00000000ebdcb0a0,0x00000000ebe00000)
  to   space 5120K, 0% used [0x00000000ebe00000,0x00000000ebe00000,0x00000000ec300000)
 ParOldGen       total 366080K, used 290140K [0x00000000c0000000, 0x00000000d6580000, 0x00000000eab00000)
  object space 366080K, 79% used [0x00000000c0000000,0x00000000d1b57288,0x00000000d6580000)
 Metaspace       used 74280K, committed 75520K, reserved 1179648K
  class space    used 7834K, committed 8384K, reserved 1048576K
}
Event: 53.021 GC heap before
{Heap before GC invocations=1466 (full 34):
 PSYoungGen      total 17920K, used 17708K [0x00000000eab00000, 0x00000000ec300000, 0x0000000100000000)
  eden space 13312K, 100% used [0x00000000eab00000,0x00000000eb800000,0x00000000eb800000)
  from space 4608K, 95% used [0x00000000eb980000,0x00000000ebdcb0a0,0x00000000ebe00000)
  to   space 5120K, 0% used [0x00000000ebe00000,0x00000000ebe00000,0x00000000ec300000)
 ParOldGen       total 366080K, used 290140K [0x00000000c0000000, 0x00000000d6580000, 0x00000000eab00000)
  object space 366080K, 79% used [0x00000000c0000000,0x00000000d1b57288,0x00000000d6580000)
 Metaspace       used 75790K, committed 77056K, reserved 1179648K
  class space    used 8064K, committed 8704K, reserved 1048576K
}
Event: 53.023 GC heap after
{Heap after GC invocations=1466 (full 34):
 PSYoungGen      total 18944K, used 4670K [0x00000000eab00000, 0x00000000ec300000, 0x0000000100000000)
  eden space 13824K, 0% used [0x00000000eab00000,0x00000000eab00000,0x00000000eb880000)
  from space 5120K, 91% used [0x00000000ebe00000,0x00000000ec28f8c8,0x00000000ec300000)
  to   space 5120K, 0% used [0x00000000eb900000,0x00000000eb900000,0x00000000ebe00000)
 ParOldGen       total 366080K, used 290140K [0x00000000c0000000, 0x00000000d6580000, 0x00000000eab00000)
  object space 366080K, 79% used [0x00000000c0000000,0x00000000d1b57288,0x00000000d6580000)
 Metaspace       used 75790K, committed 77056K, reserved 1179648K
  class space    used 8064K, committed 8704K, reserved 1048576K
}
Event: 73.939 GC heap before
{Heap before GC invocations=1467 (full 34):
 PSYoungGen      total 18944K, used 18494K [0x00000000eab00000, 0x00000000ec300000, 0x0000000100000000)
  eden space 13824K, 100% used [0x00000000eab00000,0x00000000eb880000,0x00000000eb880000)
  from space 5120K, 91% used [0x00000000ebe00000,0x00000000ec28f8c8,0x00000000ec300000)
  to   space 5120K, 0% used [0x00000000eb900000,0x00000000eb900000,0x00000000ebe00000)
 ParOldGen       total 366080K, used 290140K [0x00000000c0000000, 0x00000000d6580000, 0x00000000eab00000)
  object space 366080K, 79% used [0x00000000c0000000,0x00000000d1b57288,0x00000000d6580000)
 Metaspace       used 77300K, committed 78592K, reserved 1179648K
  class space    used 8218K, committed 8832K, reserved 1048576K
}
Event: 73.942 GC heap after
{Heap after GC invocations=1467 (full 34):
 PSYoungGen      total 18944K, used 5113K [0x00000000eab00000, 0x00000000ec480000, 0x0000000100000000)
  eden space 13824K, 0% used [0x00000000eab00000,0x00000000eab00000,0x00000000eb880000)
  from space 5120K, 99% used [0x00000000eb900000,0x00000000ebdfe598,0x00000000ebe00000)
  to   space 6144K, 0% used [0x00000000ebe80000,0x00000000ebe80000,0x00000000ec480000)
 ParOldGen       total 366080K, used 290532K [0x00000000c0000000, 0x00000000d6580000, 0x00000000eab00000)
  object space 366080K, 79% used [0x00000000c0000000,0x00000000d1bb90c0,0x00000000d6580000)
 Metaspace       used 77300K, committed 78592K, reserved 1179648K
  class space    used 8218K, committed 8832K, reserved 1048576K
}
Event: 73.996 GC heap before
{Heap before GC invocations=1468 (full 34):
 PSYoungGen      total 18944K, used 18937K [0x00000000eab00000, 0x00000000ec480000, 0x0000000100000000)
  eden space 13824K, 100% used [0x00000000eab00000,0x00000000eb880000,0x00000000eb880000)
  from space 5120K, 99% used [0x00000000eb900000,0x00000000ebdfe598,0x00000000ebe00000)
  to   space 6144K, 0% used [0x00000000ebe80000,0x00000000ebe80000,0x00000000ec480000)
 ParOldGen       total 366080K, used 290532K [0x00000000c0000000, 0x00000000d6580000, 0x00000000eab00000)
  object space 366080K, 79% used [0x00000000c0000000,0x00000000d1bb90c0,0x00000000d6580000)
 Metaspace       used 77383K, committed 78656K, reserved 1179648K
  class space    used 8225K, committed 8832K, reserved 1048576K
}
Event: 74.001 GC heap after
{Heap after GC invocations=1468 (full 34):
 PSYoungGen      total 17408K, used 3294K [0x00000000eab00000, 0x00000000ec200000, 0x0000000100000000)
  eden space 13824K, 0% used [0x00000000eab00000,0x00000000eab00000,0x00000000eb880000)
  from space 3584K, 91% used [0x00000000ebe80000,0x00000000ec1b7948,0x00000000ec200000)
  to   space 4608K, 0% used [0x00000000eb900000,0x00000000eb900000,0x00000000ebd80000)
 ParOldGen       total 366080K, used 294055K [0x00000000c0000000, 0x00000000d6580000, 0x00000000eab00000)
  object space 366080K, 80% used [0x00000000c0000000,0x00000000d1f29c98,0x00000000d6580000)
 Metaspace       used 77383K, committed 78656K, reserved 1179648K
  class space    used 8225K, committed 8832K, reserved 1048576K
}
Event: 74.094 GC heap before
{Heap before GC invocations=1469 (full 34):
 PSYoungGen      total 17408K, used 17094K [0x00000000eab00000, 0x00000000ec200000, 0x0000000100000000)
  eden space 13824K, 99% used [0x00000000eab00000,0x00000000eb87a268,0x00000000eb880000)
  from space 3584K, 91% used [0x00000000ebe80000,0x00000000ec1b7948,0x00000000ec200000)
  to   space 4608K, 0% used [0x00000000eb900000,0x00000000eb900000,0x00000000ebd80000)
 ParOldGen       total 366080K, used 294055K [0x00000000c0000000, 0x00000000d6580000, 0x00000000eab00000)
  object space 366080K, 80% used [0x00000000c0000000,0x00000000d1f29c98,0x00000000d6580000)
 Metaspace       used 77565K, committed 78848K, reserved 1179648K
  class space    used 8230K, committed 8832K, reserved 1048576K
}
Event: 74.098 GC heap after
{Heap after GC invocations=1469 (full 34):
 PSYoungGen      total 16896K, used 2763K [0x00000000eab00000, 0x00000000ebf80000, 0x0000000100000000)
  eden space 13824K, 0% used [0x00000000eab00000,0x00000000eab00000,0x00000000eb880000)
  from space 3072K, 89% used [0x00000000eb900000,0x00000000ebbb2e88,0x00000000ebc00000)
  to   space 3584K, 0% used [0x00000000ebc00000,0x00000000ebc00000,0x00000000ebf80000)
 ParOldGen       total 366080K, used 294063K [0x00000000c0000000, 0x00000000d6580000, 0x00000000eab00000)
  object space 366080K, 80% used [0x00000000c0000000,0x00000000d1f2bc98,0x00000000d6580000)
 Metaspace       used 77565K, committed 78848K, reserved 1179648K
  class space    used 8230K, committed 8832K, reserved 1048576K
}
Event: 74.169 GC heap before
{Heap before GC invocations=1470 (full 34):
 PSYoungGen      total 16896K, used 16587K [0x00000000eab00000, 0x00000000ebf80000, 0x0000000100000000)
  eden space 13824K, 100% used [0x00000000eab00000,0x00000000eb880000,0x00000000eb880000)
  from space 3072K, 89% used [0x00000000eb900000,0x00000000ebbb2e88,0x00000000ebc00000)
  to   space 3584K, 0% used [0x00000000ebc00000,0x00000000ebc00000,0x00000000ebf80000)
 ParOldGen       total 366080K, used 294063K [0x00000000c0000000, 0x00000000d6580000, 0x00000000eab00000)
  object space 366080K, 80% used [0x00000000c0000000,0x00000000d1f2bc98,0x00000000d6580000)
 Metaspace       used 77994K, committed 79232K, reserved 1179648K
  class space    used 8267K, committed 8832K, reserved 1048576K
}
Event: 74.171 GC heap after
{Heap after GC invocations=1470 (full 34):
 PSYoungGen      total 16384K, used 2065K [0x00000000eab00000, 0x00000000ebe80000, 0x0000000100000000)
  eden space 13824K, 0% used [0x00000000eab00000,0x00000000eab00000,0x00000000eb880000)
  from space 2560K, 80% used [0x00000000ebc00000,0x00000000ebe04460,0x00000000ebe80000)
  to   space 2560K, 0% used [0x00000000eb980000,0x00000000eb980000,0x00000000ebc00000)
 ParOldGen       total 366080K, used 294063K [0x00000000c0000000, 0x00000000d6580000, 0x00000000eab00000)
  object space 366080K, 80% used [0x00000000c0000000,0x00000000d1f2bc98,0x00000000d6580000)
 Metaspace       used 77994K, committed 79232K, reserved 1179648K
  class space    used 8267K, committed 8832K, reserved 1048576K
}
Event: 74.400 GC heap before
{Heap before GC invocations=1471 (full 34):
 PSYoungGen      total 16384K, used 15889K [0x00000000eab00000, 0x00000000ebe80000, 0x0000000100000000)
  eden space 13824K, 100% used [0x00000000eab00000,0x00000000eb880000,0x00000000eb880000)
  from space 2560K, 80% used [0x00000000ebc00000,0x00000000ebe04460,0x00000000ebe80000)
  to   space 2560K, 0% used [0x00000000eb980000,0x00000000eb980000,0x00000000ebc00000)
 ParOldGen       total 366080K, used 294063K [0x00000000c0000000, 0x00000000d6580000, 0x00000000eab00000)
  object space 366080K, 80% used [0x00000000c0000000,0x00000000d1f2bc98,0x00000000d6580000)
 Metaspace       used 79576K, committed 80832K, reserved 1179648K
  class space    used 8402K, committed 9024K, reserved 1048576K
}
Event: 74.405 GC heap after
{Heap after GC invocations=1471 (full 34):
 PSYoungGen      total 16384K, used 2558K [0x00000000eab00000, 0x00000000ec080000, 0x0000000100000000)
  eden space 13824K, 0% used [0x00000000eab00000,0x00000000eab00000,0x00000000eb880000)
  from space 2560K, 99% used [0x00000000eb980000,0x00000000ebbffb08,0x00000000ebc00000)
  to   space 4096K, 0% used [0x00000000ebc80000,0x00000000ebc80000,0x00000000ec080000)
 ParOldGen       total 366080K, used 294947K [0x00000000c0000000, 0x00000000d6580000, 0x00000000eab00000)
  object space 366080K, 80% used [0x00000000c0000000,0x00000000d2008e30,0x00000000d6580000)
 Metaspace       used 79576K, committed 80832K, reserved 1179648K
  class space    used 8402K, committed 9024K, reserved 1048576K
}

