# JRE version: OpenJDK Runtime Environment Temurin-17.0.7+7 (17.0.7+7) (build 17.0.7+7)
# Java VM: OpenJDK 64-Bit Server VM Temurin-17.0.7+7 (17.0.7+7, mixed mode, tiered, compressed oops, compressed class ptrs, parallel gc, windows-amd64)
GC Precious Log:
 CPUs: 8 total, 8 available
 Memory: 7973M
 Large Page Support: Disabled
 NUMA Support: Disabled
 Compressed Oops: Enabled (32-bit)
 Alignments: Space 512K, Generation 512K, Heap 2M
 Heap Min Capacity: 100M
 Heap Initial Capacity: 100M
 Heap Max Capacity: 1G
 Pre-touch: Disabled
 Parallel Workers: 8
Heap:
 PSYoungGen      total 13312K, used 11034K [0x00000000eab00000, 0x00000000ebb80000, 0x0000000100000000)
  eden space 10752K, 79% used [0x00000000eab00000,0x00000000eb34dcd0,0x00000000eb580000)
  from space 2560K, 98% used [0x00000000eb600000,0x00000000eb878ce8,0x00000000eb880000)
  to   space 3072K, 0% used [0x00000000eb880000,0x00000000eb880000,0x00000000ebb80000)
 ParOldGen       total 445440K, used 443362K [0x00000000c0000000, 0x00000000db300000, 0x00000000eab00000)
  object space 445440K, 99% used [0x00000000c0000000,0x00000000db0f8bf0,0x00000000db300000)
 Metaspace       used 79482K, committed 80704K, reserved 1179648K
  class space    used 8140K, committed 8704K, reserved 1048576K
GC Heap History (20 events):
Event: 160.019 GC heap before
{Heap before GC invocations=1068 (full 32):
 PSYoungGen      total 12288K, used 11441K [0x00000000eab00000, 0x00000000eb900000, 0x0000000100000000)
  eden space 10752K, 100% used [0x00000000eab00000,0x00000000eb580000,0x00000000eb580000)
  from space 1536K, 44% used [0x00000000eb680000,0x00000000eb72c460,0x00000000eb800000)
  to   space 1024K, 0% used [0x00000000eb800000,0x00000000eb800000,0x00000000eb900000)
 ParOldGen       total 445440K, used 437598K [0x00000000c0000000, 0x00000000db300000, 0x00000000eab00000)
  object space 445440K, 98% used [0x00000000c0000000,0x00000000dab57928,0x00000000db300000)
 Metaspace       used 78534K, committed 79744K, reserved 1179648K
  class space    used 8045K, committed 8576K, reserved 1048576K
}
Event: 160.020 GC heap after
{Heap after GC invocations=1068 (full 32):
 PSYoungGen      total 11776K, used 881K [0x00000000eab00000, 0x00000000eb900000, 0x0000000100000000)
  eden space 10752K, 0% used [0x00000000eab00000,0x00000000eab00000,0x00000000eb580000)
  from space 1024K, 86% used [0x00000000eb800000,0x00000000eb8dc480,0x00000000eb900000)
  to   space 1024K, 0% used [0x00000000eb700000,0x00000000eb700000,0x00000000eb800000)
 ParOldGen       total 445440K, used 437598K [0x00000000c0000000, 0x00000000db300000, 0x00000000eab00000)
  object space 445440K, 98% used [0x00000000c0000000,0x00000000dab57928,0x00000000db300000)
 Metaspace       used 78534K, committed 79744K, reserved 1179648K
  class space    used 8045K, committed 8576K, reserved 1048576K
}
Event: 206.911 GC heap before
{Heap before GC invocations=1069 (full 32):
 PSYoungGen      total 11776K, used 11633K [0x00000000eab00000, 0x00000000eb900000, 0x0000000100000000)
  eden space 10752K, 100% used [0x00000000eab00000,0x00000000eb580000,0x00000000eb580000)
  from space 1024K, 86% used [0x00000000eb800000,0x00000000eb8dc480,0x00000000eb900000)
  to   space 1024K, 0% used [0x00000000eb700000,0x00000000eb700000,0x00000000eb800000)
 ParOldGen       total 445440K, used 437598K [0x00000000c0000000, 0x00000000db300000, 0x00000000eab00000)
  object space 445440K, 98% used [0x00000000c0000000,0x00000000dab57928,0x00000000db300000)
 Metaspace       used 79155K, committed 80384K, reserved 1179648K
  class space    used 8117K, committed 8704K, reserved 1048576K
}
Event: 206.918 GC heap after
{Heap after GC invocations=1069 (full 32):
 PSYoungGen      total 11776K, used 1009K [0x00000000eab00000, 0x00000000eba80000, 0x0000000100000000)
  eden space 10752K, 0% used [0x00000000eab00000,0x00000000eab00000,0x00000000eb580000)
  from space 1024K, 98% used [0x00000000eb700000,0x00000000eb7fc460,0x00000000eb800000)
  to   space 2560K, 0% used [0x00000000eb800000,0x00000000eb800000,0x00000000eba80000)
 ParOldGen       total 445440K, used 438758K [0x00000000c0000000, 0x00000000db300000, 0x00000000eab00000)
  object space 445440K, 98% used [0x00000000c0000000,0x00000000dac79948,0x00000000db300000)
 Metaspace       used 79155K, committed 80384K, reserved 1179648K
  class space    used 8117K, committed 8704K, reserved 1048576K
}
Event: 207.046 GC heap before
{Heap before GC invocations=1070 (full 32):
 PSYoungGen      total 11776K, used 11757K [0x00000000eab00000, 0x00000000eba80000, 0x0000000100000000)
  eden space 10752K, 99% used [0x00000000eab00000,0x00000000eb57f150,0x00000000eb580000)
  from space 1024K, 98% used [0x00000000eb700000,0x00000000eb7fc460,0x00000000eb800000)
  to   space 2560K, 0% used [0x00000000eb800000,0x00000000eb800000,0x00000000eba80000)
 ParOldGen       total 445440K, used 438758K [0x00000000c0000000, 0x00000000db300000, 0x00000000eab00000)
  object space 445440K, 98% used [0x00000000c0000000,0x00000000dac79948,0x00000000db300000)
 Metaspace       used 79156K, committed 80384K, reserved 1179648K
  class space    used 8117K, committed 8704K, reserved 1048576K
}
Event: 207.050 GC heap after
{Heap after GC invocations=1070 (full 32):
 PSYoungGen      total 12800K, used 1856K [0x00000000eab00000, 0x00000000eba00000, 0x0000000100000000)
  eden space 10752K, 0% used [0x00000000eab00000,0x00000000eab00000,0x00000000eb580000)
  from space 2048K, 90% used [0x00000000eb800000,0x00000000eb9d0000,0x00000000eba00000)
  to   space 2048K, 0% used [0x00000000eb600000,0x00000000eb600000,0x00000000eb800000)
 ParOldGen       total 445440K, used 439295K [0x00000000c0000000, 0x00000000db300000, 0x00000000eab00000)
  object space 445440K, 98% used [0x00000000c0000000,0x00000000dacffda8,0x00000000db300000)
 Metaspace       used 79156K, committed 80384K, reserved 1179648K
  class space    used 8117K, committed 8704K, reserved 1048576K
}
Event: 207.135 GC heap before
{Heap before GC invocations=1071 (full 32):
 PSYoungGen      total 12800K, used 12608K [0x00000000eab00000, 0x00000000eba00000, 0x0000000100000000)
  eden space 10752K, 100% used [0x00000000eab00000,0x00000000eb580000,0x00000000eb580000)
  from space 2048K, 90% used [0x00000000eb800000,0x00000000eb9d0000,0x00000000eba00000)
  to   space 2048K, 0% used [0x00000000eb600000,0x00000000eb600000,0x00000000eb800000)
 ParOldGen       total 445440K, used 439295K [0x00000000c0000000, 0x00000000db300000, 0x00000000eab00000)
  object space 445440K, 98% used [0x00000000c0000000,0x00000000dacffda8,0x00000000db300000)
 Metaspace       used 79167K, committed 80384K, reserved 1179648K
  class space    used 8117K, committed 8704K, reserved 1048576K
}
Event: 207.140 GC heap after
{Heap after GC invocations=1071 (full 32):
 PSYoungGen      total 12800K, used 2048K [0x00000000eab00000, 0x00000000ebb80000, 0x0000000100000000)
  eden space 10752K, 0% used [0x00000000eab00000,0x00000000eab00000,0x00000000eb580000)
  from space 2048K, 100% used [0x00000000eb600000,0x00000000eb800000,0x00000000eb800000)
  to   space 3072K, 0% used [0x00000000eb880000,0x00000000eb880000,0x00000000ebb80000)
 ParOldGen       total 445440K, used 439919K [0x00000000c0000000, 0x00000000db300000, 0x00000000eab00000)
  object space 445440K, 98% used [0x00000000c0000000,0x00000000dad9bda8,0x00000000db300000)
 Metaspace       used 79167K, committed 80384K, reserved 1179648K
  class space    used 8117K, committed 8704K, reserved 1048576K
}
Event: 207.391 GC heap before
{Heap before GC invocations=1072 (full 32):
 PSYoungGen      total 12800K, used 12795K [0x00000000eab00000, 0x00000000ebb80000, 0x0000000100000000)
  eden space 10752K, 99% used [0x00000000eab00000,0x00000000eb57ec00,0x00000000eb580000)
  from space 2048K, 100% used [0x00000000eb600000,0x00000000eb800000,0x00000000eb800000)
  to   space 3072K, 0% used [0x00000000eb880000,0x00000000eb880000,0x00000000ebb80000)
 ParOldGen       total 445440K, used 439919K [0x00000000c0000000, 0x00000000db300000, 0x00000000eab00000)
  object space 445440K, 98% used [0x00000000c0000000,0x00000000dad9bda8,0x00000000db300000)
 Metaspace       used 79191K, committed 80448K, reserved 1179648K
  class space    used 8117K, committed 8704K, reserved 1048576K
}
Event: 207.394 GC heap after
{Heap after GC invocations=1072 (full 32):
 PSYoungGen      total 13312K, used 2304K [0x00000000eab00000, 0x00000000ebb00000, 0x0000000100000000)
  eden space 10752K, 0% used [0x00000000eab00000,0x00000000eab00000,0x00000000eb580000)
  from space 2560K, 90% used [0x00000000eb880000,0x00000000ebac0020,0x00000000ebb00000)
  to   space 2560K, 0% used [0x00000000eb600000,0x00000000eb600000,0x00000000eb880000)
 ParOldGen       total 445440K, used 440343K [0x00000000c0000000, 0x00000000db300000, 0x00000000eab00000)
  object space 445440K, 98% used [0x00000000c0000000,0x00000000dae05da8,0x00000000db300000)
 Metaspace       used 79191K, committed 80448K, reserved 1179648K
  class space    used 8117K, committed 8704K, reserved 1048576K
}
Event: 207.479 GC heap before
{Heap before GC invocations=1073 (full 32):
 PSYoungGen      total 13312K, used 13056K [0x00000000eab00000, 0x00000000ebb00000, 0x0000000100000000)
  eden space 10752K, 100% used [0x00000000eab00000,0x00000000eb580000,0x00000000eb580000)
  from space 2560K, 90% used [0x00000000eb880000,0x00000000ebac0020,0x00000000ebb00000)
  to   space 2560K, 0% used [0x00000000eb600000,0x00000000eb600000,0x00000000eb880000)
 ParOldGen       total 445440K, used 440343K [0x00000000c0000000, 0x00000000db300000, 0x00000000eab00000)
  object space 445440K, 98% used [0x00000000c0000000,0x00000000dae05da8,0x00000000db300000)
 Metaspace       used 79442K, committed 80640K, reserved 1179648K
  class space    used 8140K, committed 8704K, reserved 1048576K
}
Event: 207.482 GC heap after
{Heap after GC invocations=1073 (full 32):
 PSYoungGen      total 13312K, used 2551K [0x00000000eab00000, 0x00000000ebb80000, 0x0000000100000000)
  eden space 10752K, 0% used [0x00000000eab00000,0x00000000eab00000,0x00000000eb580000)
  from space 2560K, 99% used [0x00000000eb600000,0x00000000eb87df60,0x00000000eb880000)
  to   space 3072K, 0% used [0x00000000eb880000,0x00000000eb880000,0x00000000ebb80000)
 ParOldGen       total 445440K, used 440375K [0x00000000c0000000, 0x00000000db300000, 0x00000000eab00000)
  object space 445440K, 98% used [0x00000000c0000000,0x00000000dae0dda8,0x00000000db300000)
 Metaspace       used 79442K, committed 80640K, reserved 1179648K
  class space    used 8140K, committed 8704K, reserved 1048576K
}
Event: 207.520 GC heap before
{Heap before GC invocations=1074 (full 32):
 PSYoungGen      total 13312K, used 13303K [0x00000000eab00000, 0x00000000ebb80000, 0x0000000100000000)
  eden space 10752K, 100% used [0x00000000eab00000,0x00000000eb580000,0x00000000eb580000)
  from space 2560K, 99% used [0x00000000eb600000,0x00000000eb87df60,0x00000000eb880000)
  to   space 3072K, 0% used [0x00000000eb880000,0x00000000eb880000,0x00000000ebb80000)
 ParOldGen       total 445440K, used 440375K [0x00000000c0000000, 0x00000000db300000, 0x00000000eab00000)
  object space 445440K, 98% used [0x00000000c0000000,0x00000000dae0dda8,0x00000000db300000)
 Metaspace       used 79445K, committed 80640K, reserved 1179648K
  class space    used 8140K, committed 8704K, reserved 1048576K
}
Event: 207.525 GC heap after
{Heap after GC invocations=1074 (full 32):
 PSYoungGen      total 13312K, used 2423K [0x00000000eab00000, 0x00000000ebb00000, 0x0000000100000000)
  eden space 10752K, 0% used [0x00000000eab00000,0x00000000eab00000,0x00000000eb580000)
  from space 2560K, 94% used [0x00000000eb880000,0x00000000ebaddf60,0x00000000ebb00000)
  to   space 2560K, 0% used [0x00000000eb600000,0x00000000eb600000,0x00000000eb880000)
 ParOldGen       total 445440K, used 441779K [0x00000000c0000000, 0x00000000db300000, 0x00000000eab00000)
  object space 445440K, 99% used [0x00000000c0000000,0x00000000daf6cfd8,0x00000000db300000)
 Metaspace       used 79445K, committed 80640K, reserved 1179648K
  class space    used 8140K, committed 8704K, reserved 1048576K
}
Event: 207.557 GC heap before
{Heap before GC invocations=1075 (full 32):
 PSYoungGen      total 13312K, used 13168K [0x00000000eab00000, 0x00000000ebb00000, 0x0000000100000000)
  eden space 10752K, 99% used [0x00000000eab00000,0x00000000eb57e3f0,0x00000000eb580000)
  from space 2560K, 94% used [0x00000000eb880000,0x00000000ebaddf60,0x00000000ebb00000)
  to   space 2560K, 0% used [0x00000000eb600000,0x00000000eb600000,0x00000000eb880000)
 ParOldGen       total 445440K, used 441779K [0x00000000c0000000, 0x00000000db300000, 0x00000000eab00000)
  object space 445440K, 99% used [0x00000000c0000000,0x00000000daf6cfd8,0x00000000db300000)
 Metaspace       used 79445K, committed 80640K, reserved 1179648K
  class space    used 8140K, committed 8704K, reserved 1048576K
}
Event: 207.561 GC heap after
{Heap after GC invocations=1075 (full 32):
 PSYoungGen      total 13312K, used 2551K [0x00000000eab00000, 0x00000000ebb80000, 0x0000000100000000)
  eden space 10752K, 0% used [0x00000000eab00000,0x00000000eab00000,0x00000000eb580000)
  from space 2560K, 99% used [0x00000000eb600000,0x00000000eb87df60,0x00000000eb880000)
  to   space 3072K, 0% used [0x00000000eb880000,0x00000000eb880000,0x00000000ebb80000)
 ParOldGen       total 445440K, used 442147K [0x00000000c0000000, 0x00000000db300000, 0x00000000eab00000)
  object space 445440K, 99% used [0x00000000c0000000,0x00000000dafc8fd8,0x00000000db300000)
 Metaspace       used 79445K, committed 80640K, reserved 1179648K
  class space    used 8140K, committed 8704K, reserved 1048576K
}
Event: 207.599 GC heap before
{Heap before GC invocations=1076 (full 32):
 PSYoungGen      total 13312K, used 13303K [0x00000000eab00000, 0x00000000ebb80000, 0x0000000100000000)
  eden space 10752K, 100% used [0x00000000eab00000,0x00000000eb580000,0x00000000eb580000)
  from space 2560K, 99% used [0x00000000eb600000,0x00000000eb87df60,0x00000000eb880000)
  to   space 3072K, 0% used [0x00000000eb880000,0x00000000eb880000,0x00000000ebb80000)
 ParOldGen       total 445440K, used 442147K [0x00000000c0000000, 0x00000000db300000, 0x00000000eab00000)
  object space 445440K, 99% used [0x00000000c0000000,0x00000000dafc8fd8,0x00000000db300000)
 Metaspace       used 79458K, committed 80704K, reserved 1179648K
  class space    used 8140K, committed 8704K, reserved 1048576K
}
Event: 207.604 GC heap after
{Heap after GC invocations=1076 (full 32):
 PSYoungGen      total 13312K, used 2336K [0x00000000eab00000, 0x00000000ebb00000, 0x0000000100000000)
  eden space 10752K, 0% used [0x00000000eab00000,0x00000000eab00000,0x00000000eb580000)
  from space 2560K, 91% used [0x00000000eb880000,0x00000000ebac8020,0x00000000ebb00000)
  to   space 2560K, 0% used [0x00000000eb600000,0x00000000eb600000,0x00000000eb880000)
 ParOldGen       total 445440K, used 443162K [0x00000000c0000000, 0x00000000db300000, 0x00000000eab00000)
  object space 445440K, 99% used [0x00000000c0000000,0x00000000db0c6bf0,0x00000000db300000)
 Metaspace       used 79458K, committed 80704K, reserved 1179648K
  class space    used 8140K, committed 8704K, reserved 1048576K
}
Event: 207.775 GC heap before
{Heap before GC invocations=1077 (full 32):
 PSYoungGen      total 13312K, used 13085K [0x00000000eab00000, 0x00000000ebb00000, 0x0000000100000000)
  eden space 10752K, 99% used [0x00000000eab00000,0x00000000eb57f4b0,0x00000000eb580000)
  from space 2560K, 91% used [0x00000000eb880000,0x00000000ebac8020,0x00000000ebb00000)
  to   space 2560K, 0% used [0x00000000eb600000,0x00000000eb600000,0x00000000eb880000)
 ParOldGen       total 445440K, used 443162K [0x00000000c0000000, 0x00000000db300000, 0x00000000eab00000)
  object space 445440K, 99% used [0x00000000c0000000,0x00000000db0c6bf0,0x00000000db300000)
 Metaspace       used 79482K, committed 80704K, reserved 1179648K
  class space    used 8140K, committed 8704K, reserved 1048576K
}
Event: 207.779 GC heap after
{Heap after GC invocations=1077 (full 32):
 PSYoungGen      total 13312K, used 2531K [0x00000000eab00000, 0x00000000ebb80000, 0x0000000100000000)
  eden space 10752K, 0% used [0x00000000eab00000,0x00000000eab00000,0x00000000eb580000)
  from space 2560K, 98% used [0x00000000eb600000,0x00000000eb878ce8,0x00000000eb880000)
  to   space 3072K, 0% used [0x00000000eb880000,0x00000000eb880000,0x00000000ebb80000)
 ParOldGen       total 445440K, used 443362K [0x00000000c0000000, 0x00000000db300000, 0x00000000eab00000)
  object space 445440K, 99% used [0x00000000c0000000,0x00000000db0f8bf0,0x00000000db300000)
 Metaspace       used 79482K, committed 80704K, reserved 1179648K
  class space    used 8140K, committed 8704K, reserved 1048576K
}

