# JRE version: Java(TM) SE Runtime Environment (17.0.1+12) (build 17.0.1+12-LTS-39)
# Java VM: Java HotSpot(TM) 64-Bit Server VM (17.0.1+12-LTS-39, mixed mode, sharing, tiered, compressed oops, compressed class ptrs, g1 gc, windows-amd64)
GC Precious Log:
 CPUs: 8 total, 8 available
 Memory: 7973M
 Large Page Support: Disabled
 NUMA Support: Disabled
 Compressed Oops: Enabled (32-bit)
 Heap Region Size: 1M
 Heap Min Capacity: 8M
 Heap Initial Capacity: 126M
 Heap Max Capacity: 1994M
 Pre-touch: Disabled
 Parallel Workers: 8
 Concurrent Workers: 2
 Concurrent Refinement Workers: 8
 Periodic GC: Disabled
Heap:
 garbage-first heap   total 114688K, used 43030K [0x0000000083600000, 0x0000000100000000)
  region size 1024K, 15 young (15360K), 1 survivors (1024K)
 Metaspace       used 66446K, committed 66944K, reserved 1114112K
  class space    used 8658K, committed 8960K, reserved 1048576K
GC Heap History (20 events):
Event: 7.906 GC heap before
{Heap before GC invocations=17 (full 0):
 garbage-first heap   total 68608K, used 55345K [0x0000000083600000, 0x0000000100000000)
  region size 1024K, 29 young (29696K), 2 survivors (2048K)
 Metaspace       used 55295K, committed 55744K, reserved 1097728K
  class space    used 7262K, committed 7488K, reserved 1048576K
}
Event: 7.908 GC heap after
{Heap after GC invocations=18 (full 0):
 garbage-first heap   total 68608K, used 28515K [0x0000000083600000, 0x0000000100000000)
  region size 1024K, 3 young (3072K), 3 survivors (3072K)
 Metaspace       used 55295K, committed 55744K, reserved 1097728K
  class space    used 7262K, committed 7488K, reserved 1048576K
}
Event: 8.389 GC heap before
{Heap before GC invocations=18 (full 0):
 garbage-first heap   total 68608K, used 55139K [0x0000000083600000, 0x0000000100000000)
  region size 1024K, 29 young (29696K), 3 survivors (3072K)
 Metaspace       used 57305K, committed 57728K, reserved 1105920K
  class space    used 7528K, committed 7744K, reserved 1048576K
}
Event: 8.394 GC heap after
{Heap after GC invocations=19 (full 0):
 garbage-first heap   total 84992K, used 30433K [0x0000000083600000, 0x0000000100000000)
  region size 1024K, 4 young (4096K), 4 survivors (4096K)
 Metaspace       used 57305K, committed 57728K, reserved 1105920K
  class space    used 7528K, committed 7744K, reserved 1048576K
}
Event: 71.420 GC heap before
{Heap before GC invocations=19 (full 0):
 garbage-first heap   total 84992K, used 67297K [0x0000000083600000, 0x0000000100000000)
  region size 1024K, 40 young (40960K), 4 survivors (4096K)
 Metaspace       used 60157K, committed 60544K, reserved 1105920K
  class space    used 7929K, committed 8128K, reserved 1048576K
}
Event: 71.425 GC heap after
{Heap after GC invocations=20 (full 0):
 garbage-first heap   total 84992K, used 32268K [0x0000000083600000, 0x0000000100000000)
  region size 1024K, 4 young (4096K), 4 survivors (4096K)
 Metaspace       used 60157K, committed 60544K, reserved 1105920K
  class space    used 7929K, committed 8128K, reserved 1048576K
}
Event: 186.435 GC heap before
{Heap before GC invocations=20 (full 0):
 garbage-first heap   total 84992K, used 50700K [0x0000000083600000, 0x0000000100000000)
  region size 1024K, 23 young (23552K), 4 survivors (4096K)
 Metaspace       used 60338K, committed 60736K, reserved 1105920K
  class space    used 7947K, committed 8192K, reserved 1048576K
}
Event: 186.440 GC heap after
{Heap after GC invocations=21 (full 0):
 garbage-first heap   total 84992K, used 32545K [0x0000000083600000, 0x0000000100000000)
  region size 1024K, 3 young (3072K), 3 survivors (3072K)
 Metaspace       used 60338K, committed 60736K, reserved 1105920K
  class space    used 7947K, committed 8192K, reserved 1048576K
}
Event: 263.852 GC heap before
{Heap before GC invocations=22 (full 0):
 garbage-first heap   total 84992K, used 68385K [0x0000000083600000, 0x0000000100000000)
  region size 1024K, 39 young (39936K), 3 survivors (3072K)
 Metaspace       used 64894K, committed 65344K, reserved 1105920K
  class space    used 8480K, committed 8704K, reserved 1048576K
}
Event: 263.857 GC heap after
{Heap after GC invocations=23 (full 0):
 garbage-first heap   total 84992K, used 33998K [0x0000000083600000, 0x0000000100000000)
  region size 1024K, 4 young (4096K), 4 survivors (4096K)
 Metaspace       used 64894K, committed 65344K, reserved 1105920K
  class space    used 8480K, committed 8704K, reserved 1048576K
}
Event: 267.950 GC heap before
{Heap before GC invocations=23 (full 0):
 garbage-first heap   total 84992K, used 35022K [0x0000000083600000, 0x0000000100000000)
  region size 1024K, 5 young (5120K), 4 survivors (4096K)
 Metaspace       used 64918K, committed 65408K, reserved 1105920K
  class space    used 8480K, committed 8704K, reserved 1048576K
}
Event: 267.956 GC heap after
{Heap after GC invocations=24 (full 0):
 garbage-first heap   total 84992K, used 33634K [0x0000000083600000, 0x0000000100000000)
  region size 1024K, 1 young (1024K), 1 survivors (1024K)
 Metaspace       used 64918K, committed 65408K, reserved 1105920K
  class space    used 8480K, committed 8704K, reserved 1048576K
}
Event: 495.679 GC heap before
{Heap before GC invocations=24 (full 0):
 garbage-first heap   total 84992K, used 69474K [0x0000000083600000, 0x0000000100000000)
  region size 1024K, 36 young (36864K), 1 survivors (1024K)
 Metaspace       used 64964K, committed 65408K, reserved 1105920K
  class space    used 8480K, committed 8704K, reserved 1048576K
}
Event: 495.680 GC heap after
{Heap after GC invocations=25 (full 0):
 garbage-first heap   total 84992K, used 33413K [0x0000000083600000, 0x0000000100000000)
  region size 1024K, 1 young (1024K), 1 survivors (1024K)
 Metaspace       used 64964K, committed 65408K, reserved 1105920K
  class space    used 8480K, committed 8704K, reserved 1048576K
}
Event: 698.089 GC heap before
{Heap before GC invocations=25 (full 0):
 garbage-first heap   total 84992K, used 68229K [0x0000000083600000, 0x0000000100000000)
  region size 1024K, 36 young (36864K), 1 survivors (1024K)
 Metaspace       used 65383K, committed 65792K, reserved 1114112K
  class space    used 8539K, committed 8704K, reserved 1048576K
}
Event: 698.317 GC heap after
{Heap after GC invocations=26 (full 1):
 garbage-first heap   total 84992K, used 26527K [0x0000000083600000, 0x0000000100000000)
  region size 1024K, 0 young (0K), 0 survivors (0K)
 Metaspace       used 65383K, committed 65792K, reserved 1114112K
  class space    used 8539K, committed 8704K, reserved 1048576K
}
Event: 699.941 GC heap before
{Heap before GC invocations=26 (full 1):
 garbage-first heap   total 84992K, used 67487K [0x0000000083600000, 0x0000000100000000)
  region size 1024K, 41 young (41984K), 0 survivors (0K)
 Metaspace       used 66059K, committed 66560K, reserved 1114112K
  class space    used 8609K, committed 8896K, reserved 1048576K
}
Event: 699.945 GC heap after
{Heap after GC invocations=27 (full 1):
 garbage-first heap   total 84992K, used 29425K [0x0000000083600000, 0x0000000100000000)
  region size 1024K, 3 young (3072K), 3 survivors (3072K)
 Metaspace       used 66059K, committed 66560K, reserved 1114112K
  class space    used 8609K, committed 8896K, reserved 1048576K
}
Event: 700.079 GC heap before
{Heap before GC invocations=27 (full 1):
 garbage-first heap   total 114688K, used 66289K [0x0000000083600000, 0x0000000100000000)
  region size 1024K, 40 young (40960K), 3 survivors (3072K)
 Metaspace       used 66074K, committed 66624K, reserved 1114112K
  class space    used 8609K, committed 8896K, reserved 1048576K
}
Event: 700.082 GC heap after
{Heap after GC invocations=28 (full 1):
 garbage-first heap   total 114688K, used 29718K [0x0000000083600000, 0x0000000100000000)
  region size 1024K, 1 young (1024K), 1 survivors (1024K)
 Metaspace       used 66074K, committed 66624K, reserved 1114112K
  class space    used 8609K, committed 8896K, reserved 1048576K
}

