# JRE version: OpenJDK Runtime Environment Temurin-17.0.7+7 (17.0.7+7) (build 17.0.7+7)
# Java VM: OpenJDK 64-Bit Server VM Temurin-17.0.7+7 (17.0.7+7, mixed mode, emulated-client, tiered, compressed oops, compressed class ptrs, g1 gc, windows-amd64)
GC Precious Log:
 CPUs: 8 total, 8 available
 Memory: 7973M
 Large Page Support: Disabled
 NUMA Support: Disabled
 Compressed Oops: Enabled (32-bit)
 Heap Region Size: 1M
 Heap Min Capacity: 8M
 Heap Initial Capacity: 126M
 Heap Max Capacity: 1G
 Pre-touch: Disabled
 Parallel Workers: 8
 Concurrent Workers: 2
 Concurrent Refinement Workers: 8
 Periodic GC: Disabled
Heap:
 garbage-first heap   total 160768K, used 47736K [0x00000000c0000000, 0x0000000100000000)
  region size 1024K, 1 young (1024K), 0 survivors (0K)
 Metaspace       used 66827K, committed 67648K, reserved 1114112K
  class space    used 9043K, committed 9344K, reserved 1048576K
GC Heap History (20 events):
Event: 335.283 GC heap before
{Heap before GC invocations=63 (full 4):
 garbage-first heap   total 163840K, used 47736K [0x00000000c0000000, 0x0000000100000000)
  region size 1024K, 1 young (1024K), 0 survivors (0K)
 Metaspace       used 66827K, committed 67648K, reserved 1114112K
  class space    used 9043K, committed 9344K, reserved 1048576K
}
Event: 335.323 GC heap after
{Heap after GC invocations=64 (full 5):
 garbage-first heap   total 163840K, used 47736K [0x00000000c0000000, 0x0000000100000000)
  region size 1024K, 0 young (0K), 0 survivors (0K)
 Metaspace       used 66827K, committed 67648K, reserved 1114112K
  class space    used 9043K, committed 9344K, reserved 1048576K
}
Event: 345.421 GC heap before
{Heap before GC invocations=64 (full 5):
 garbage-first heap   total 163840K, used 47736K [0x00000000c0000000, 0x0000000100000000)
  region size 1024K, 1 young (1024K), 0 survivors (0K)
 Metaspace       used 66827K, committed 67648K, reserved 1114112K
  class space    used 9043K, committed 9344K, reserved 1048576K
}
Event: 345.453 GC heap after
{Heap after GC invocations=65 (full 6):
 garbage-first heap   total 163840K, used 47736K [0x00000000c0000000, 0x0000000100000000)
  region size 1024K, 0 young (0K), 0 survivors (0K)
 Metaspace       used 66827K, committed 67648K, reserved 1114112K
  class space    used 9043K, committed 9344K, reserved 1048576K
}
Event: 355.546 GC heap before
{Heap before GC invocations=65 (full 6):
 garbage-first heap   total 163840K, used 47736K [0x00000000c0000000, 0x0000000100000000)
  region size 1024K, 1 young (1024K), 0 survivors (0K)
 Metaspace       used 66827K, committed 67648K, reserved 1114112K
  class space    used 9043K, committed 9344K, reserved 1048576K
}
Event: 355.581 GC heap after
{Heap after GC invocations=66 (full 7):
 garbage-first heap   total 163840K, used 47736K [0x00000000c0000000, 0x0000000100000000)
  region size 1024K, 0 young (0K), 0 survivors (0K)
 Metaspace       used 66827K, committed 67648K, reserved 1114112K
  class space    used 9043K, committed 9344K, reserved 1048576K
}
Event: 365.687 GC heap before
{Heap before GC invocations=66 (full 7):
 garbage-first heap   total 163840K, used 47736K [0x00000000c0000000, 0x0000000100000000)
  region size 1024K, 1 young (1024K), 0 survivors (0K)
 Metaspace       used 66827K, committed 67648K, reserved 1114112K
  class space    used 9043K, committed 9344K, reserved 1048576K
}
Event: 365.716 GC heap after
{Heap after GC invocations=67 (full 8):
 garbage-first heap   total 163840K, used 47736K [0x00000000c0000000, 0x0000000100000000)
  region size 1024K, 0 young (0K), 0 survivors (0K)
 Metaspace       used 66827K, committed 67648K, reserved 1114112K
  class space    used 9043K, committed 9344K, reserved 1048576K
}
Event: 375.871 GC heap before
{Heap before GC invocations=67 (full 8):
 garbage-first heap   total 163840K, used 47736K [0x00000000c0000000, 0x0000000100000000)
  region size 1024K, 1 young (1024K), 0 survivors (0K)
 Metaspace       used 66827K, committed 67648K, reserved 1114112K
  class space    used 9043K, committed 9344K, reserved 1048576K
}
Event: 375.929 GC heap after
{Heap after GC invocations=68 (full 9):
 garbage-first heap   total 160768K, used 47736K [0x00000000c0000000, 0x0000000100000000)
  region size 1024K, 0 young (0K), 0 survivors (0K)
 Metaspace       used 66827K, committed 67648K, reserved 1114112K
  class space    used 9043K, committed 9344K, reserved 1048576K
}
Event: 386.120 GC heap before
{Heap before GC invocations=68 (full 9):
 garbage-first heap   total 160768K, used 47736K [0x00000000c0000000, 0x0000000100000000)
  region size 1024K, 1 young (1024K), 0 survivors (0K)
 Metaspace       used 66827K, committed 67648K, reserved 1114112K
  class space    used 9043K, committed 9344K, reserved 1048576K
}
Event: 386.185 GC heap after
{Heap after GC invocations=69 (full 10):
 garbage-first heap   total 160768K, used 47736K [0x00000000c0000000, 0x0000000100000000)
  region size 1024K, 0 young (0K), 0 survivors (0K)
 Metaspace       used 66827K, committed 67648K, reserved 1114112K
  class space    used 9043K, committed 9344K, reserved 1048576K
}
Event: 396.365 GC heap before
{Heap before GC invocations=69 (full 10):
 garbage-first heap   total 160768K, used 47736K [0x00000000c0000000, 0x0000000100000000)
  region size 1024K, 1 young (1024K), 0 survivors (0K)
 Metaspace       used 66827K, committed 67648K, reserved 1114112K
  class space    used 9043K, committed 9344K, reserved 1048576K
}
Event: 396.429 GC heap after
{Heap after GC invocations=70 (full 11):
 garbage-first heap   total 160768K, used 47736K [0x00000000c0000000, 0x0000000100000000)
  region size 1024K, 0 young (0K), 0 survivors (0K)
 Metaspace       used 66827K, committed 67648K, reserved 1114112K
  class space    used 9043K, committed 9344K, reserved 1048576K
}
Event: 406.531 GC heap before
{Heap before GC invocations=70 (full 11):
 garbage-first heap   total 160768K, used 47736K [0x00000000c0000000, 0x0000000100000000)
  region size 1024K, 1 young (1024K), 0 survivors (0K)
 Metaspace       used 66827K, committed 67648K, reserved 1114112K
  class space    used 9043K, committed 9344K, reserved 1048576K
}
Event: 406.559 GC heap after
{Heap after GC invocations=71 (full 12):
 garbage-first heap   total 160768K, used 47736K [0x00000000c0000000, 0x0000000100000000)
  region size 1024K, 0 young (0K), 0 survivors (0K)
 Metaspace       used 66827K, committed 67648K, reserved 1114112K
  class space    used 9043K, committed 9344K, reserved 1048576K
}
Event: 416.768 GC heap before
{Heap before GC invocations=71 (full 12):
 garbage-first heap   total 160768K, used 47736K [0x00000000c0000000, 0x0000000100000000)
  region size 1024K, 1 young (1024K), 0 survivors (0K)
 Metaspace       used 66827K, committed 67648K, reserved 1114112K
  class space    used 9043K, committed 9344K, reserved 1048576K
}
Event: 416.822 GC heap after
{Heap after GC invocations=72 (full 13):
 garbage-first heap   total 160768K, used 47736K [0x00000000c0000000, 0x0000000100000000)
  region size 1024K, 0 young (0K), 0 survivors (0K)
 Metaspace       used 66827K, committed 67648K, reserved 1114112K
  class space    used 9043K, committed 9344K, reserved 1048576K
}
Event: 426.913 GC heap before
{Heap before GC invocations=72 (full 13):
 garbage-first heap   total 160768K, used 47736K [0x00000000c0000000, 0x0000000100000000)
  region size 1024K, 1 young (1024K), 0 survivors (0K)
 Metaspace       used 66827K, committed 67648K, reserved 1114112K
  class space    used 9043K, committed 9344K, reserved 1048576K
}
Event: 426.945 GC heap after
{Heap after GC invocations=73 (full 14):
 garbage-first heap   total 160768K, used 47736K [0x00000000c0000000, 0x0000000100000000)
  region size 1024K, 0 young (0K), 0 survivors (0K)
 Metaspace       used 66827K, committed 67648K, reserved 1114112K
  class space    used 9043K, committed 9344K, reserved 1048576K
}

