# JRE version: OpenJDK Runtime Environment Temurin-17.0.7+7 (17.0.7+7) (build 17.0.7+7)
# Java VM: OpenJDK 64-Bit Server VM Temurin-17.0.7+7 (17.0.7+7, mixed mode, tiered, compressed oops, compressed class ptrs, parallel gc, windows-amd64)
GC Precious Log:
 CPUs: 8 total, 8 available
 Memory: 7973M
 Large Page Support: Disabled
 NUMA Support: Disabled
 Compressed Oops: Enabled (32-bit)
 Alignments: Space 512K, Generation 512K, Heap 2M
 Heap Min Capacity: 100M
 Heap Initial Capacity: 100M
 Heap Max Capacity: 1G
 Pre-touch: Disabled
 Parallel Workers: 8
Heap:
 PSYoungGen      total 4096K, used 1042K [0x00000000eab00000, 0x00000000eb000000, 0x0000000100000000)
  eden space 3072K, 10% used [0x00000000eab00000,0x00000000eab53e10,0x00000000eae00000)
  from space 1024K, 69% used [0x00000000eae00000,0x00000000eaeb0a68,0x00000000eaf00000)
  to   space 1024K, 0% used [0x00000000eaf00000,0x00000000eaf00000,0x00000000eb000000)
 ParOldGen       total 375808K, used 355527K [0x00000000c0000000, 0x00000000d6f00000, 0x00000000eab00000)
  object space 375808K, 94% used [0x00000000c0000000,0x00000000d5b31de0,0x00000000d6f00000)
 Metaspace       used 80132K, committed 81472K, reserved 1179648K
  class space    used 8224K, committed 8832K, reserved 1048576K
GC Heap History (20 events):
Event: 128.479 GC heap before
{Heap before GC invocations=822 (full 21):
 PSYoungGen      total 3584K, used 3328K [0x00000000eab00000, 0x00000000eaf80000, 0x0000000100000000)
  eden space 3072K, 100% used [0x00000000eab00000,0x00000000eae00000,0x00000000eae00000)
  from space 512K, 50% used [0x00000000eae80000,0x00000000eaec0000,0x00000000eaf00000)
  to   space 512K, 0% used [0x00000000eaf00000,0x00000000eaf00000,0x00000000eaf80000)
 ParOldGen       total 375808K, used 355343K [0x00000000c0000000, 0x00000000d6f00000, 0x00000000eab00000)
  object space 375808K, 94% used [0x00000000c0000000,0x00000000d5b03de0,0x00000000d6f00000)
 Metaspace       used 78104K, committed 79424K, reserved 1179648K
  class space    used 7894K, committed 8512K, reserved 1048576K
}
Event: 128.480 GC heap after
{Heap after GC invocations=822 (full 21):
 PSYoungGen      total 3584K, used 337K [0x00000000eab00000, 0x00000000eaf80000, 0x0000000100000000)
  eden space 3072K, 0% used [0x00000000eab00000,0x00000000eab00000,0x00000000eae00000)
  from space 512K, 65% used [0x00000000eaf00000,0x00000000eaf54460,0x00000000eaf80000)
  to   space 512K, 0% used [0x00000000eae80000,0x00000000eae80000,0x00000000eaf00000)
 ParOldGen       total 375808K, used 355343K [0x00000000c0000000, 0x00000000d6f00000, 0x00000000eab00000)
  object space 375808K, 94% used [0x00000000c0000000,0x00000000d5b03de0,0x00000000d6f00000)
 Metaspace       used 78104K, committed 79424K, reserved 1179648K
  class space    used 7894K, committed 8512K, reserved 1048576K
}
Event: 128.535 GC heap before
{Heap before GC invocations=823 (full 21):
 PSYoungGen      total 3584K, used 3407K [0x00000000eab00000, 0x00000000eaf80000, 0x0000000100000000)
  eden space 3072K, 99% used [0x00000000eab00000,0x00000000eadffaa0,0x00000000eae00000)
  from space 512K, 65% used [0x00000000eaf00000,0x00000000eaf54460,0x00000000eaf80000)
  to   space 512K, 0% used [0x00000000eae80000,0x00000000eae80000,0x00000000eaf00000)
 ParOldGen       total 375808K, used 355343K [0x00000000c0000000, 0x00000000d6f00000, 0x00000000eab00000)
  object space 375808K, 94% used [0x00000000c0000000,0x00000000d5b03de0,0x00000000d6f00000)
 Metaspace       used 78479K, committed 79808K, reserved 1179648K
  class space    used 7951K, committed 8576K, reserved 1048576K
}
Event: 128.537 GC heap after
{Heap after GC invocations=823 (full 21):
 PSYoungGen      total 3584K, used 337K [0x00000000eab00000, 0x00000000eaf80000, 0x0000000100000000)
  eden space 3072K, 0% used [0x00000000eab00000,0x00000000eab00000,0x00000000eae00000)
  from space 512K, 65% used [0x00000000eae80000,0x00000000eaed4460,0x00000000eaf00000)
  to   space 512K, 0% used [0x00000000eaf00000,0x00000000eaf00000,0x00000000eaf80000)
 ParOldGen       total 375808K, used 355343K [0x00000000c0000000, 0x00000000d6f00000, 0x00000000eab00000)
  object space 375808K, 94% used [0x00000000c0000000,0x00000000d5b03de0,0x00000000d6f00000)
 Metaspace       used 78479K, committed 79808K, reserved 1179648K
  class space    used 7951K, committed 8576K, reserved 1048576K
}
Event: 128.618 GC heap before
{Heap before GC invocations=824 (full 21):
 PSYoungGen      total 3584K, used 3409K [0x00000000eab00000, 0x00000000eaf80000, 0x0000000100000000)
  eden space 3072K, 100% used [0x00000000eab00000,0x00000000eae00000,0x00000000eae00000)
  from space 512K, 65% used [0x00000000eae80000,0x00000000eaed4460,0x00000000eaf00000)
  to   space 512K, 0% used [0x00000000eaf00000,0x00000000eaf00000,0x00000000eaf80000)
 ParOldGen       total 375808K, used 355343K [0x00000000c0000000, 0x00000000d6f00000, 0x00000000eab00000)
  object space 375808K, 94% used [0x00000000c0000000,0x00000000d5b03de0,0x00000000d6f00000)
 Metaspace       used 78929K, committed 80256K, reserved 1179648K
  class space    used 8019K, committed 8640K, reserved 1048576K
}
Event: 128.620 GC heap after
{Heap after GC invocations=824 (full 21):
 PSYoungGen      total 3584K, used 449K [0x00000000eab00000, 0x00000000eaf80000, 0x0000000100000000)
  eden space 3072K, 0% used [0x00000000eab00000,0x00000000eab00000,0x00000000eae00000)
  from space 512K, 87% used [0x00000000eaf00000,0x00000000eaf70470,0x00000000eaf80000)
  to   space 512K, 0% used [0x00000000eae80000,0x00000000eae80000,0x00000000eaf00000)
 ParOldGen       total 375808K, used 355343K [0x00000000c0000000, 0x00000000d6f00000, 0x00000000eab00000)
  object space 375808K, 94% used [0x00000000c0000000,0x00000000d5b03de0,0x00000000d6f00000)
 Metaspace       used 78929K, committed 80256K, reserved 1179648K
  class space    used 8019K, committed 8640K, reserved 1048576K
}
Event: 128.688 GC heap before
{Heap before GC invocations=825 (full 21):
 PSYoungGen      total 3584K, used 3521K [0x00000000eab00000, 0x00000000eaf80000, 0x0000000100000000)
  eden space 3072K, 100% used [0x00000000eab00000,0x00000000eae00000,0x00000000eae00000)
  from space 512K, 87% used [0x00000000eaf00000,0x00000000eaf70470,0x00000000eaf80000)
  to   space 512K, 0% used [0x00000000eae80000,0x00000000eae80000,0x00000000eaf00000)
 ParOldGen       total 375808K, used 355343K [0x00000000c0000000, 0x00000000d6f00000, 0x00000000eab00000)
  object space 375808K, 94% used [0x00000000c0000000,0x00000000d5b03de0,0x00000000d6f00000)
 Metaspace       used 79184K, committed 80512K, reserved 1179648K
  class space    used 8086K, committed 8704K, reserved 1048576K
}
Event: 128.690 GC heap after
{Heap after GC invocations=825 (full 21):
 PSYoungGen      total 3584K, used 481K [0x00000000eab00000, 0x00000000eaf80000, 0x0000000100000000)
  eden space 3072K, 0% used [0x00000000eab00000,0x00000000eab00000,0x00000000eae00000)
  from space 512K, 93% used [0x00000000eae80000,0x00000000eaef8470,0x00000000eaf00000)
  to   space 512K, 0% used [0x00000000eaf00000,0x00000000eaf00000,0x00000000eaf80000)
 ParOldGen       total 375808K, used 355343K [0x00000000c0000000, 0x00000000d6f00000, 0x00000000eab00000)
  object space 375808K, 94% used [0x00000000c0000000,0x00000000d5b03de0,0x00000000d6f00000)
 Metaspace       used 79184K, committed 80512K, reserved 1179648K
  class space    used 8086K, committed 8704K, reserved 1048576K
}
Event: 128.754 GC heap before
{Heap before GC invocations=826 (full 21):
 PSYoungGen      total 3584K, used 3553K [0x00000000eab00000, 0x00000000eaf80000, 0x0000000100000000)
  eden space 3072K, 100% used [0x00000000eab00000,0x00000000eae00000,0x00000000eae00000)
  from space 512K, 93% used [0x00000000eae80000,0x00000000eaef8470,0x00000000eaf00000)
  to   space 512K, 0% used [0x00000000eaf00000,0x00000000eaf00000,0x00000000eaf80000)
 ParOldGen       total 375808K, used 355343K [0x00000000c0000000, 0x00000000d6f00000, 0x00000000eab00000)
  object space 375808K, 94% used [0x00000000c0000000,0x00000000d5b03de0,0x00000000d6f00000)
 Metaspace       used 79565K, committed 80896K, reserved 1179648K
  class space    used 8154K, committed 8768K, reserved 1048576K
}
Event: 128.756 GC heap after
{Heap after GC invocations=826 (full 21):
 PSYoungGen      total 3584K, used 497K [0x00000000eab00000, 0x00000000eaf80000, 0x0000000100000000)
  eden space 3072K, 0% used [0x00000000eab00000,0x00000000eab00000,0x00000000eae00000)
  from space 512K, 97% used [0x00000000eaf00000,0x00000000eaf7c480,0x00000000eaf80000)
  to   space 512K, 0% used [0x00000000eae80000,0x00000000eae80000,0x00000000eaf00000)
 ParOldGen       total 375808K, used 355351K [0x00000000c0000000, 0x00000000d6f00000, 0x00000000eab00000)
  object space 375808K, 94% used [0x00000000c0000000,0x00000000d5b05de0,0x00000000d6f00000)
 Metaspace       used 79565K, committed 80896K, reserved 1179648K
  class space    used 8154K, committed 8768K, reserved 1048576K
}
Event: 130.937 GC heap before
{Heap before GC invocations=827 (full 21):
 PSYoungGen      total 3584K, used 3569K [0x00000000eab00000, 0x00000000eaf80000, 0x0000000100000000)
  eden space 3072K, 100% used [0x00000000eab00000,0x00000000eae00000,0x00000000eae00000)
  from space 512K, 97% used [0x00000000eaf00000,0x00000000eaf7c480,0x00000000eaf80000)
  to   space 512K, 0% used [0x00000000eae80000,0x00000000eae80000,0x00000000eaf00000)
 ParOldGen       total 375808K, used 355351K [0x00000000c0000000, 0x00000000d6f00000, 0x00000000eab00000)
  object space 375808K, 94% used [0x00000000c0000000,0x00000000d5b05de0,0x00000000d6f00000)
 Metaspace       used 80041K, committed 81344K, reserved 1179648K
  class space    used 8209K, committed 8832K, reserved 1048576K
}
Event: 130.940 GC heap after
{Heap after GC invocations=827 (full 21):
 PSYoungGen      total 3584K, used 481K [0x00000000eab00000, 0x00000000eb000000, 0x0000000100000000)
  eden space 3072K, 0% used [0x00000000eab00000,0x00000000eab00000,0x00000000eae00000)
  from space 512K, 93% used [0x00000000eae80000,0x00000000eaef8470,0x00000000eaf00000)
  to   space 1024K, 0% used [0x00000000eaf00000,0x00000000eaf00000,0x00000000eb000000)
 ParOldGen       total 375808K, used 355511K [0x00000000c0000000, 0x00000000d6f00000, 0x00000000eab00000)
  object space 375808K, 94% used [0x00000000c0000000,0x00000000d5b2dde0,0x00000000d6f00000)
 Metaspace       used 80041K, committed 81344K, reserved 1179648K
  class space    used 8209K, committed 8832K, reserved 1048576K
}
Event: 142.610 GC heap before
{Heap before GC invocations=828 (full 21):
 PSYoungGen      total 3584K, used 3553K [0x00000000eab00000, 0x00000000eb000000, 0x0000000100000000)
  eden space 3072K, 100% used [0x00000000eab00000,0x00000000eae00000,0x00000000eae00000)
  from space 512K, 93% used [0x00000000eae80000,0x00000000eaef8470,0x00000000eaf00000)
  to   space 1024K, 0% used [0x00000000eaf00000,0x00000000eaf00000,0x00000000eb000000)
 ParOldGen       total 375808K, used 355511K [0x00000000c0000000, 0x00000000d6f00000, 0x00000000eab00000)
  object space 375808K, 94% used [0x00000000c0000000,0x00000000d5b2dde0,0x00000000d6f00000)
 Metaspace       used 80120K, committed 81472K, reserved 1179648K
  class space    used 8223K, committed 8832K, reserved 1048576K
}
Event: 142.613 GC heap after
{Heap after GC invocations=828 (full 21):
 PSYoungGen      total 4096K, used 722K [0x00000000eab00000, 0x00000000eb000000, 0x0000000100000000)
  eden space 3072K, 0% used [0x00000000eab00000,0x00000000eab00000,0x00000000eae00000)
  from space 1024K, 70% used [0x00000000eaf00000,0x00000000eafb4a98,0x00000000eb000000)
  to   space 1024K, 0% used [0x00000000eae00000,0x00000000eae00000,0x00000000eaf00000)
 ParOldGen       total 375808K, used 355519K [0x00000000c0000000, 0x00000000d6f00000, 0x00000000eab00000)
  object space 375808K, 94% used [0x00000000c0000000,0x00000000d5b2fde0,0x00000000d6f00000)
 Metaspace       used 80120K, committed 81472K, reserved 1179648K
  class space    used 8223K, committed 8832K, reserved 1048576K
}
Event: 142.629 GC heap before
{Heap before GC invocations=829 (full 21):
 PSYoungGen      total 4096K, used 3794K [0x00000000eab00000, 0x00000000eb000000, 0x0000000100000000)
  eden space 3072K, 100% used [0x00000000eab00000,0x00000000eae00000,0x00000000eae00000)
  from space 1024K, 70% used [0x00000000eaf00000,0x00000000eafb4a98,0x00000000eb000000)
  to   space 1024K, 0% used [0x00000000eae00000,0x00000000eae00000,0x00000000eaf00000)
 ParOldGen       total 375808K, used 355519K [0x00000000c0000000, 0x00000000d6f00000, 0x00000000eab00000)
  object space 375808K, 94% used [0x00000000c0000000,0x00000000d5b2fde0,0x00000000d6f00000)
 Metaspace       used 80120K, committed 81472K, reserved 1179648K
  class space    used 8223K, committed 8832K, reserved 1048576K
}
Event: 142.631 GC heap after
{Heap after GC invocations=829 (full 21):
 PSYoungGen      total 4096K, used 674K [0x00000000eab00000, 0x00000000eb000000, 0x0000000100000000)
  eden space 3072K, 0% used [0x00000000eab00000,0x00000000eab00000,0x00000000eae00000)
  from space 1024K, 65% used [0x00000000eae00000,0x00000000eaea8a88,0x00000000eaf00000)
  to   space 1024K, 0% used [0x00000000eaf00000,0x00000000eaf00000,0x00000000eb000000)
 ParOldGen       total 375808K, used 355519K [0x00000000c0000000, 0x00000000d6f00000, 0x00000000eab00000)
  object space 375808K, 94% used [0x00000000c0000000,0x00000000d5b2fde0,0x00000000d6f00000)
 Metaspace       used 80120K, committed 81472K, reserved 1179648K
  class space    used 8223K, committed 8832K, reserved 1048576K
}
Event: 142.656 GC heap before
{Heap before GC invocations=830 (full 21):
 PSYoungGen      total 4096K, used 3693K [0x00000000eab00000, 0x00000000eb000000, 0x0000000100000000)
  eden space 3072K, 98% used [0x00000000eab00000,0x00000000eadf2a38,0x00000000eae00000)
  from space 1024K, 65% used [0x00000000eae00000,0x00000000eaea8a88,0x00000000eaf00000)
  to   space 1024K, 0% used [0x00000000eaf00000,0x00000000eaf00000,0x00000000eb000000)
 ParOldGen       total 375808K, used 355519K [0x00000000c0000000, 0x00000000d6f00000, 0x00000000eab00000)
  object space 375808K, 94% used [0x00000000c0000000,0x00000000d5b2fde0,0x00000000d6f00000)
 Metaspace       used 80120K, committed 81472K, reserved 1179648K
  class space    used 8223K, committed 8832K, reserved 1048576K
}
Event: 142.658 GC heap after
{Heap after GC invocations=830 (full 21):
 PSYoungGen      total 4096K, used 722K [0x00000000eab00000, 0x00000000eb000000, 0x0000000100000000)
  eden space 3072K, 0% used [0x00000000eab00000,0x00000000eab00000,0x00000000eae00000)
  from space 1024K, 70% used [0x00000000eaf00000,0x00000000eafb4a98,0x00000000eb000000)
  to   space 1024K, 0% used [0x00000000eae00000,0x00000000eae00000,0x00000000eaf00000)
 ParOldGen       total 375808K, used 355519K [0x00000000c0000000, 0x00000000d6f00000, 0x00000000eab00000)
  object space 375808K, 94% used [0x00000000c0000000,0x00000000d5b2fde0,0x00000000d6f00000)
 Metaspace       used 80120K, committed 81472K, reserved 1179648K
  class space    used 8223K, committed 8832K, reserved 1048576K
}
Event: 142.857 GC heap before
{Heap before GC invocations=831 (full 21):
 PSYoungGen      total 4096K, used 3787K [0x00000000eab00000, 0x00000000eb000000, 0x0000000100000000)
  eden space 3072K, 99% used [0x00000000eab00000,0x00000000eadfe508,0x00000000eae00000)
  from space 1024K, 70% used [0x00000000eaf00000,0x00000000eafb4a98,0x00000000eb000000)
  to   space 1024K, 0% used [0x00000000eae00000,0x00000000eae00000,0x00000000eaf00000)
 ParOldGen       total 375808K, used 355519K [0x00000000c0000000, 0x00000000d6f00000, 0x00000000eab00000)
  object space 375808K, 94% used [0x00000000c0000000,0x00000000d5b2fde0,0x00000000d6f00000)
 Metaspace       used 80128K, committed 81472K, reserved 1179648K
  class space    used 8223K, committed 8832K, reserved 1048576K
}
Event: 142.859 GC heap after
{Heap after GC invocations=831 (full 21):
 PSYoungGen      total 4096K, used 706K [0x00000000eab00000, 0x00000000eb000000, 0x0000000100000000)
  eden space 3072K, 0% used [0x00000000eab00000,0x00000000eab00000,0x00000000eae00000)
  from space 1024K, 69% used [0x00000000eae00000,0x00000000eaeb0a68,0x00000000eaf00000)
  to   space 1024K, 0% used [0x00000000eaf00000,0x00000000eaf00000,0x00000000eb000000)
 ParOldGen       total 375808K, used 355527K [0x00000000c0000000, 0x00000000d6f00000, 0x00000000eab00000)
  object space 375808K, 94% used [0x00000000c0000000,0x00000000d5b31de0,0x00000000d6f00000)
 Metaspace       used 80128K, committed 81472K, reserved 1179648K
  class space    used 8223K, committed 8832K, reserved 1048576K
}

